Building DAG of jobs...
Using shell: /bin/bash
Provided cores: 1
Rules claiming more threads will be scaled down.
Job counts:
	count	jobs
	1	add_evo_info
	1

[Wed Nov 27 10:09:42 2019]
rule add_evo_info:
    input: output/47UKBB/parsed_alphas/biochemistry_HDLcholesterol_alphas_parsed.txt
    output: output/47UKBB/evo_info_added/biochemistry_HDLcholesterol_evo_added.txt
    jobid: 0
    wildcards: trait=biochemistry_HDLcholesterol

Terminating processes on user request, this might take some time.
[Wed Nov 27 10:09:46 2019]
Error in rule add_evo_info:
    jobid: 0
    output: output/47UKBB/evo_info_added/biochemistry_HDLcholesterol_evo_added.txt

Complete log: /Users/jenniferblanc/infer_mutational_bias/.snakemake/log/2019-11-27T100942.361256.snakemake.log
