Building DAG of jobs...
Using shell: /bin/bash
Provided cores: 1
Rules claiming more threads will be scaled down.
Job counts:
	count	jobs
	1	add_EAF_info
	1	add_RAF_info
	1	add_evo_info
	3

[Mon Dec  2 14:56:33 2019]
rule add_evo_info:
    input: output/47UKBB/parsed_alphas/biochemistry_HDLcholesterol_alphas_parsed.txt
    output: output/47UKBB/evo_info_added/biochemistry_HDLcholesterol_evo_added.txt
    jobid: 2
    wildcards: trait=biochemistry_HDLcholesterol

[Mon Dec  2 14:59:13 2019]
Finished job 2.
1 of 3 steps (33%) done

[Mon Dec  2 14:59:13 2019]
rule add_EAF_info:
    input: output/47UKBB/evo_info_added/biochemistry_HDLcholesterol_evo_added.txt, data/47UKBB/bolt_337K_unrelStringentBrit_MAF0.001_v3.biochemistry_HDLcholesterol.bgen.stats
    output: output/47UKBB/EAF_info_added/biochemistry_HDLcholesterol_EAF.txt
    jobid: 1
    wildcards: trait=biochemistry_HDLcholesterol

[Mon Dec  2 15:00:52 2019]
Finished job 1.
2 of 3 steps (67%) done

[Mon Dec  2 15:00:52 2019]
rule add_RAF_info:
    input: output/47UKBB/EAF_info_added/biochemistry_HDLcholesterol_EAF.txt
    output: output/47UKBB/RAF_info_added/biochemistry_HDLcholesterol_RAF.txt
    jobid: 0
    wildcards: trait=biochemistry_HDLcholesterol

[Mon Dec  2 15:00:55 2019]
Finished job 0.
3 of 3 steps (100%) done
Complete log: /Users/jenniferblanc/infer_mutational_bias/.snakemake/log/2019-12-02T145633.467935.snakemake.log
