Building DAG of jobs...
Using shell: /bin/bash
Provided cores: 1
Rules claiming more threads will be scaled down.
Job counts:
	count	jobs
	1	Extract_clumped_SNPs_GWAS_ATLAS
	1	LD_clumping_GWAS_atlas
	2

[Sun Mar  1 19:46:58 2020]
rule LD_clumping_GWAS_atlas:
    input: output/GWAS_ATLAS/parsed_gwas/IBD_2031_parsed.txt
    output: output/GWAS_ATLAS/clumped/IBD_2031.clumped
    jobid: 1
    wildcards: trait=IBD_2031

[Sun Mar  1 19:54:59 2020]
Finished job 1.
1 of 2 steps (50%) done

[Sun Mar  1 19:54:59 2020]
rule Extract_clumped_SNPs_GWAS_ATLAS:
    input: output/GWAS_ATLAS/clumped/IBD_2031.clumped
    output: output/GWAS_ATLAS/clumped/IBD_2031_SNPs.txt
    jobid: 0
    wildcards: trait=IBD_2031

[Sun Mar  1 19:54:59 2020]
Finished job 0.
2 of 2 steps (100%) done
Complete log: /Users/jenniferblanc/infer_mutational_bias/.snakemake/log/2020-03-01T194658.415842.snakemake.log
