Building DAG of jobs...
Using shell: /bin/bash
Provided cores: 1
Rules claiming more threads will be scaled down.
Job counts:
	count	jobs
	1	add_evo_atlas
	1	parse_gwas_atlas
	2

[Tue Feb  4 17:35:55 2020]
rule parse_gwas_atlas:
    input: data/GWAS_ATLAS/myopia_3539.txt
    output: output/GWAS_ATLAS/parsed_gwas/myopia_3539_parsed.txt
    jobid: 1
    wildcards: trait=myopia_3539

[Tue Feb  4 17:36:48 2020]
Finished job 1.
1 of 2 steps (50%) done

[Tue Feb  4 17:36:48 2020]
rule add_evo_atlas:
    input: output/GWAS_ATLAS/parsed_gwas/myopia_3539_parsed.txt
    output: output/GWAS_ATLAS/evo_added/myopia_3539_evo.txt
    jobid: 0
    wildcards: trait=myopia_3539

[Tue Feb  4 17:48:58 2020]
Finished job 0.
2 of 2 steps (100%) done
Complete log: /Users/jenniferblanc/infer_mutational_bias/.snakemake/log/2020-02-04T173554.946756.snakemake.log
