Building DAG of jobs...
Using shell: /bin/bash
Provided cores: 1
Rules claiming more threads will be scaled down.
Job counts:
	count	jobs
	1	add_evo_atlas
	1	parse_gwas_atlas
	2

[Thu Jan 23 18:10:47 2020]
rule parse_gwas_atlas:
    input: data/GWAS_ATLAS/CAD_3925.txt
    output: output/GWAS_ATLAS/parsed_gwas/CAD_3925_parsed.txt
    jobid: 1
    wildcards: trait=CAD_3925

[Thu Jan 23 18:11:18 2020]
Error in rule parse_gwas_atlas:
    jobid: 1
    output: output/GWAS_ATLAS/parsed_gwas/CAD_3925_parsed.txt

Shutting down, this might take some time.
Exiting because a job execution failed. Look above for error message
Complete log: /Users/jenniferblanc/infer_mutational_bias/.snakemake/log/2020-01-23T181047.213913.snakemake.log
