Building DAG of jobs...
Using shell: /bin/bash
Provided cores: 1
Rules claiming more threads will be scaled down.
Job counts:
	count	jobs
	1	add_evo_atlas
	1	parse_gwas_atlas
	2

[Fri Jan 31 13:25:31 2020]
rule parse_gwas_atlas:
    input: data/GWAS_ATLAS/AD_4094.txt
    output: output/GWAS_ATLAS/parsed_gwas/AD_4094_parsed.txt
    jobid: 1
    wildcards: trait=AD_4094

[Fri Jan 31 13:26:23 2020]
Finished job 1.
1 of 2 steps (50%) done

[Fri Jan 31 13:26:23 2020]
rule add_evo_atlas:
    input: output/GWAS_ATLAS/parsed_gwas/AD_4094_parsed.txt
    output: output/GWAS_ATLAS/evo_added/AD_4094_evo.txt
    jobid: 0
    wildcards: trait=AD_4094

[Fri Jan 31 13:41:12 2020]
Finished job 0.
2 of 2 steps (100%) done
Complete log: /Users/jenniferblanc/infer_mutational_bias/.snakemake/log/2020-01-31T132531.112131.snakemake.log
