Building DAG of jobs...
Using shell: /bin/bash
Provided cores: 1
Rules claiming more threads will be scaled down.
Job counts:
	count	jobs
	1	add_evo_atlas
	1	parse_gwas_atlas_threshold
	2

[Tue Mar 17 11:08:25 2020]
rule parse_gwas_atlas_threshold:
    input: data/GWAS_ATLAS/T2D_4085.txt, data/GWAS_ATLAS/pval_thresholds/0.95.txt
    output: output/GWAS_ATLAS/parsed_gwas/T2D_4085_0.95_parsed.txt
    jobid: 1
    wildcards: trait=T2D_4085, threshold=0.95

[Tue Mar 17 11:09:47 2020]
Finished job 1.
1 of 2 steps (50%) done

[Tue Mar 17 11:09:47 2020]
rule add_evo_atlas:
    input: output/GWAS_ATLAS/parsed_gwas/T2D_4085_0.95_parsed.txt
    output: output/GWAS_ATLAS/evo_added/T2D_4085_0.95_evo.txt
    jobid: 0
    wildcards: trait=T2D_4085_0.95

[Tue Mar 17 11:28:00 2020]
Finished job 0.
2 of 2 steps (100%) done
Complete log: /Users/jenniferblanc/infer_mutational_bias/.snakemake/log/2020-03-17T110825.308345.snakemake.log
