Building DAG of jobs...
Using shell: /bin/bash
Provided cores: 1
Rules claiming more threads will be scaled down.
Job counts:
	count	jobs
	1	add_evo_atlas
	1	parse_gwas_atlas_threshold
	2

[Thu Mar 12 15:42:42 2020]
rule parse_gwas_atlas_threshold:
    input: data/GWAS_ATLAS/UC_2030.txt, data/GWAS_ATLAS/pval_thresholds/0.95.txt
    output: output/GWAS_ATLAS/parsed_gwas/UC_2030_0.95_parsed.txt
    jobid: 1
    wildcards: trait=UC_2030, threshold=0.95

[Thu Mar 12 15:43:36 2020]
Finished job 1.
1 of 2 steps (50%) done

[Thu Mar 12 15:43:36 2020]
rule add_evo_atlas:
    input: output/GWAS_ATLAS/parsed_gwas/UC_2030_0.95_parsed.txt
    output: output/GWAS_ATLAS/evo_added/UC_2030_0.95_evo.txt
    jobid: 0
    wildcards: trait=UC_2030_0.95

