Building DAG of jobs...
Using shell: /bin/bash
Provided cores: 1
Rules claiming more threads will be scaled down.
Job counts:
	count	jobs
	1	add_evo_atlas
	1	parse_gwas_atlas_threshold
	2

[Thu Mar 12 10:22:56 2020]
rule parse_gwas_atlas_threshold:
    input: data/GWAS_ATLAS/CAD_3925.txt, data/GWAS_ATLAS/pval_thresholds/0.95.txt
    output: output/GWAS_ATLAS/parsed_gwas/CAD_3925_0.95_parsed.txt
    jobid: 1
    wildcards: trait=CAD_3925, threshold=0.95

[Thu Mar 12 10:24:03 2020]
Finished job 1.
1 of 2 steps (50%) done

[Thu Mar 12 10:24:03 2020]
rule add_evo_atlas:
    input: output/GWAS_ATLAS/parsed_gwas/CAD_3925_0.95_parsed.txt
    output: output/GWAS_ATLAS/evo_added/CAD_3925_0.95_evo.txt
    jobid: 0
    wildcards: trait=CAD_3925_0.95

[Thu Mar 12 11:17:54 2020]
Finished job 0.
2 of 2 steps (100%) done
Complete log: /Users/jenniferblanc/infer_mutational_bias/.snakemake/log/2020-03-12T102256.287616.snakemake.log
