Building DAG of jobs...
Using shell: /bin/bash
Provided cores: 1
Rules claiming more threads will be scaled down.
Job counts:
	count	jobs
	1	add_evo_atlas
	1	parse_gwas_atlas
	2

[Tue Feb  4 17:01:06 2020]
rule parse_gwas_atlas:
    input: data/GWAS_ATLAS/MS_24076602.txt
    output: output/GWAS_ATLAS/parsed_gwas/MS_24076602_parsed.txt
    jobid: 1
    wildcards: trait=MS_24076602

[Tue Feb  4 17:01:08 2020]
Finished job 1.
1 of 2 steps (50%) done

[Tue Feb  4 17:01:08 2020]
rule add_evo_atlas:
    input: output/GWAS_ATLAS/parsed_gwas/MS_24076602_parsed.txt
    output: output/GWAS_ATLAS/evo_added/MS_24076602_evo.txt
    jobid: 0
    wildcards: trait=MS_24076602

[Tue Feb  4 17:10:15 2020]
Finished job 0.
2 of 2 steps (100%) done
Complete log: /Users/jenniferblanc/infer_mutational_bias/.snakemake/log/2020-02-04T170106.750876.snakemake.log
