Building DAG of jobs...
Using shell: /bin/bash
Provided cores: 1
Rules claiming more threads will be scaled down.
Job counts:
	count	jobs
	1	add_evo_atlas
	1	parse_gwas_atlas
	2

[Tue Mar 10 10:52:38 2020]
rule parse_gwas_atlas:
    input: data/GWAS_ATLAS/BIP_4039.txt
    output: output/GWAS_ATLAS/parsed_gwas/BIP_4039_parsed.txt
    jobid: 1
    wildcards: trait=BIP_4039

[Tue Mar 10 10:53:46 2020]
Finished job 1.
1 of 2 steps (50%) done

[Tue Mar 10 10:53:46 2020]
rule add_evo_atlas:
    input: output/GWAS_ATLAS/parsed_gwas/BIP_4039_parsed.txt
    output: output/GWAS_ATLAS/evo_added/BIP_4039_evo.txt
    jobid: 0
    wildcards: trait=BIP_4039

