Building DAG of jobs...
Using shell: /bin/bash
Provided cores: 1
Rules claiming more threads will be scaled down.
Job counts:
	count	jobs
	1	Extract_clumped_SNPs_GWAS_ATLAS
	1	LD_clumping_GWAS_atlas
	2

[Mon Mar  2 10:32:35 2020]
rule LD_clumping_GWAS_atlas:
    input: output/GWAS_ATLAS/parsed_gwas/EAukbb_3409_parsed.txt
    output: output/GWAS_ATLAS/clumped/EAukbb_3409.clumped
    jobid: 1
    wildcards: trait=EAukbb_3409

[Mon Mar  2 10:35:05 2020]
Finished job 1.
1 of 2 steps (50%) done

[Mon Mar  2 10:35:05 2020]
rule Extract_clumped_SNPs_GWAS_ATLAS:
    input: output/GWAS_ATLAS/clumped/EAukbb_3409.clumped
    output: output/GWAS_ATLAS/clumped/EAukbb_3409_SNPs.txt
    jobid: 0
    wildcards: trait=EAukbb_3409

[Mon Mar  2 10:35:05 2020]
Finished job 0.
2 of 2 steps (100%) done
Complete log: /Users/jenniferblanc/infer_mutational_bias/.snakemake/log/2020-03-02T103235.123063.snakemake.log
