Building DAG of jobs...
Using shell: /bin/bash
Provided cores: 1
Rules claiming more threads will be scaled down.
Job counts:
	count	jobs
	1	parse_gwas_atlas
	1

[Mon Jan 20 18:00:00 2020]
rule parse_gwas_atlas:
    input: data/GWAS_ATLAS/AF_4361.txt
    output: output/GWAS_ATLAS/parsed_gwas/AF_4361_parsed.txt
    jobid: 0
    wildcards: trait=AF_4361

Terminating processes on user request, this might take some time.
[Mon Jan 20 18:00:18 2020]
Error in rule parse_gwas_atlas:
    jobid: 0
    output: output/GWAS_ATLAS/parsed_gwas/AF_4361_parsed.txt

Complete log: /Users/jenniferblanc/infer_mutational_bias/.snakemake/log/2020-01-20T180000.492868.snakemake.log
