Building DAG of jobs...
Using shell: /bin/bash
Provided cores: 1
Rules claiming more threads will be scaled down.
Job counts:
	count	jobs
	1	add_evo_atlas
	1	parse_gwas_atlas_threshold
	2

[Thu Mar 12 15:20:17 2020]
rule parse_gwas_atlas_threshold:
    input: data/GWAS_ATLAS/UC_2030.txt, data/GWAS_ATLAS/pval_thresholds/0.95.txt
    output: output/GWAS_ATLAS/parsed_gwas/UC_2030_0.95_parsed.txt
    jobid: 1
    wildcards: trait=UC_2030, threshold=0.95

Terminating processes on user request, this might take some time.
[Thu Mar 12 15:20:35 2020]
Error in rule parse_gwas_atlas_threshold:
    jobid: 1
    output: output/GWAS_ATLAS/parsed_gwas/UC_2030_0.95_parsed.txt

Complete log: /Users/jenniferblanc/infer_mutational_bias/.snakemake/log/2020-03-12T152017.563261.snakemake.log
