Building DAG of jobs...
Using shell: /bin/bash
Provided cores: 1
Rules claiming more threads will be scaled down.
Job counts:
	count	jobs
	1	add_evo_atlas
	1

[Tue Mar 17 11:07:44 2020]
rule add_evo_atlas:
    input: output/GWAS_ATLAS/parsed_gwas/T2D_4085_0.95_parsed.txt
    output: output/GWAS_ATLAS/evo_added/T2D_4085_0.95_evo.txt
    jobid: 0
    wildcards: trait=T2D_4085_0.95

Terminating processes on user request, this might take some time.
[Tue Mar 17 11:07:48 2020]
Error in rule add_evo_atlas:
    jobid: 0
    output: output/GWAS_ATLAS/evo_added/T2D_4085_0.95_evo.txt

Complete log: /Users/jenniferblanc/infer_mutational_bias/.snakemake/log/2020-03-17T110744.101921.snakemake.log
