Building DAG of jobs...
Using shell: /bin/bash
Provided cores: 1
Rules claiming more threads will be scaled down.
Job counts:
	count	jobs
	1	Extract_clumped_SNPs_GWAS_ATLAS
	1	LD_clumping_GWAS_atlas
	2

[Mon Mar  2 10:50:30 2020]
rule LD_clumping_GWAS_atlas:
    input: output/GWAS_ATLAS/parsed_gwas/BMI_4074_parsed.txt
    output: output/GWAS_ATLAS/clumped/BMI_4074.clumped
    jobid: 1
    wildcards: trait=BMI_4074

[Mon Mar  2 11:10:34 2020]
Finished job 1.
1 of 2 steps (50%) done

[Mon Mar  2 11:10:34 2020]
rule Extract_clumped_SNPs_GWAS_ATLAS:
    input: output/GWAS_ATLAS/clumped/BMI_4074.clumped
    output: output/GWAS_ATLAS/clumped/BMI_4074_SNPs.txt
    jobid: 0
    wildcards: trait=BMI_4074

[Mon Mar  2 11:10:34 2020]
Finished job 0.
2 of 2 steps (100%) done
Complete log: /Users/jenniferblanc/infer_mutational_bias/.snakemake/log/2020-03-02T105030.456379.snakemake.log
