Building DAG of jobs...
Using shell: /bin/bash
Provided cores: 1
Rules claiming more threads will be scaled down.
Job counts:
	count	jobs
	1	Extract_clumped_SNPs_GWAS_ATLAS
	1	LD_clumping_GWAS_atlas
	2

[Tue Mar 10 11:52:08 2020]
rule LD_clumping_GWAS_atlas:
    input: output/GWAS_ATLAS/parsed_gwas/BIP_4039_parsed.txt
    output: output/GWAS_ATLAS/clumped/BIP_4039.clumped
    jobid: 1
    wildcards: trait=BIP_4039

[Tue Mar 10 11:53:44 2020]
Finished job 1.
1 of 2 steps (50%) done

[Tue Mar 10 11:53:44 2020]
rule Extract_clumped_SNPs_GWAS_ATLAS:
    input: output/GWAS_ATLAS/clumped/BIP_4039.clumped
    output: output/GWAS_ATLAS/clumped/BIP_4039_SNPs.txt
    jobid: 0
    wildcards: trait=BIP_4039

[Tue Mar 10 11:53:44 2020]
Finished job 0.
2 of 2 steps (100%) done
Complete log: /Users/jenniferblanc/infer_mutational_bias/.snakemake/log/2020-03-10T115208.938873.snakemake.log
