Building DAG of jobs...
Using shell: /bin/bash
Provided cores: 1
Rules claiming more threads will be scaled down.
Job counts:
	count	jobs
	1	Extract_clumped_SNPs_GWAS_ATLAS
	1	LD_clumping_GWAS_atlas
	2

[Sat Feb 29 15:46:19 2020]
rule LD_clumping_GWAS_atlas:
    input: output/GWAS_ATLAS/parsed_gwas/SLE_4018_parsed.txt
    output: output/GWAS_ATLAS/clumped/SLE_4018.clumped
    jobid: 1
    wildcards: trait=SLE_4018

[Sat Feb 29 16:03:24 2020]
Finished job 1.
1 of 2 steps (50%) done

[Sat Feb 29 16:03:24 2020]
rule Extract_clumped_SNPs_GWAS_ATLAS:
    input: output/GWAS_ATLAS/clumped/SLE_4018.clumped
    output: output/GWAS_ATLAS/clumped/SLE_4018_SNPs.txt
    jobid: 0
    wildcards: trait=SLE_4018

[Sat Feb 29 16:03:24 2020]
Finished job 0.
2 of 2 steps (100%) done
Complete log: /Users/jenniferblanc/infer_mutational_bias/.snakemake/log/2020-02-29T154619.351180.snakemake.log
