Building DAG of jobs...
Using shell: /bin/bash
Provided cores: 1
Rules claiming more threads will be scaled down.
Job counts:
	count	jobs
	1	add_evo_atlas
	1	parse_gwas_atlas
	2

[Sun Jan 26 21:54:47 2020]
rule parse_gwas_atlas:
    input: data/GWAS_ATLAS/SLE_4018.txt
    output: output/GWAS_ATLAS/parsed_gwas/SLE_4018_parsed.txt
    jobid: 1
    wildcards: trait=SLE_4018

[Sun Jan 26 21:55:05 2020]
Finished job 1.
1 of 2 steps (50%) done

[Sun Jan 26 21:55:05 2020]
rule add_evo_atlas:
    input: output/GWAS_ATLAS/parsed_gwas/SLE_4018_parsed.txt
    output: output/GWAS_ATLAS/evo_added/SLE_4018_evo.txt
    jobid: 0
    wildcards: trait=SLE_4018

