Building DAG of jobs...
Using shell: /bin/bash
Provided cores: 1
Rules claiming more threads will be scaled down.
Job counts:
	count	jobs
	1	add_evo_atlas
	1	parse_gwas_atlas
	2

[Wed Feb  5 11:52:25 2020]
rule parse_gwas_atlas:
    input: data/GWAS_ATLAS/EAukbb_3409.txt
    output: output/GWAS_ATLAS/parsed_gwas/EAukbb_3409_parsed.txt
    jobid: 1
    wildcards: trait=EAukbb_3409

[Wed Feb  5 11:53:24 2020]
Finished job 1.
1 of 2 steps (50%) done

[Wed Feb  5 11:53:24 2020]
rule add_evo_atlas:
    input: output/GWAS_ATLAS/parsed_gwas/EAukbb_3409_parsed.txt
    output: output/GWAS_ATLAS/evo_added/EAukbb_3409_evo.txt
    jobid: 0
    wildcards: trait=EAukbb_3409

Terminating processes on user request, this might take some time.
Cancelling snakemake on user request.
