Building DAG of jobs...
Using shell: /bin/bash
Provided cores: 1
Rules claiming more threads will be scaled down.
Job counts:
	count	jobs
	1	add_evo_atlas
	1	parse_gwas_atlas
	2

[Mon Jan 27 13:28:27 2020]
rule parse_gwas_atlas:
    input: data/GWAS_ATLAS/schizophrenia_PGC.txt
    output: output/GWAS_ATLAS/parsed_gwas/schizophrenia_PGC_parsed.txt
    jobid: 1
    wildcards: trait=schizophrenia_PGC

[Mon Jan 27 13:28:51 2020]
Finished job 1.
1 of 2 steps (50%) done

[Mon Jan 27 13:28:51 2020]
rule add_evo_atlas:
    input: output/GWAS_ATLAS/parsed_gwas/schizophrenia_PGC_parsed.txt
    output: output/GWAS_ATLAS/evo_added/schizophrenia_PGC_evo.txt
    jobid: 0
    wildcards: trait=schizophrenia_PGC

[Mon Jan 27 13:43:29 2020]
Finished job 0.
2 of 2 steps (100%) done
Complete log: /Users/jenniferblanc/infer_mutational_bias/.snakemake/log/2020-01-27T132827.573018.snakemake.log
