Building DAG of jobs...
Using shell: /bin/bash
Provided cores: 1
Rules claiming more threads will be scaled down.
Job counts:
	count	jobs
	1	add_evo_atlas
	1	parse_gwas_atlas
	2

[Wed Feb  5 13:51:47 2020]
rule parse_gwas_atlas:
    input: data/GWAS_ATLAS/EAmeta_4066.txt
    output: output/GWAS_ATLAS/parsed_gwas/EAmeta_4066_parsed.txt
    jobid: 1
    wildcards: trait=EAmeta_4066

[Wed Feb  5 13:52:18 2020]
Finished job 1.
1 of 2 steps (50%) done

[Wed Feb  5 13:52:18 2020]
rule add_evo_atlas:
    input: output/GWAS_ATLAS/parsed_gwas/EAmeta_4066_parsed.txt
    output: output/GWAS_ATLAS/evo_added/EAmeta_4066_evo.txt
    jobid: 0
    wildcards: trait=EAmeta_4066

[Wed Feb  5 13:59:56 2020]
Finished job 0.
2 of 2 steps (100%) done
Complete log: /Users/jenniferblanc/infer_mutational_bias/.snakemake/log/2020-02-05T135147.725230.snakemake.log
