Building DAG of jobs...
Using shell: /bin/bash
Provided cores: 1
Rules claiming more threads will be scaled down.
Job counts:
	count	jobs
	1	parse_gwas_atlas
	1

[Wed Jan 15 15:05:25 2020]
rule parse_gwas_atlas:
    input: data/GWAS_ATLAS/schizophrenia_3982.txt
    output: output/GWAS_ATLAS/parsed_gwas/schizophrenia_3982_parsed.txt
    jobid: 0
    wildcards: trait=schizophrenia_3982

[Wed Jan 15 15:05:25 2020]
Error in rule parse_gwas_atlas:
    jobid: 0
    output: output/GWAS_ATLAS/parsed_gwas/schizophrenia_3982_parsed.txt

Shutting down, this might take some time.
Exiting because a job execution failed. Look above for error message
Complete log: /Users/jenniferblanc/infer_mutational_bias/.snakemake/log/2020-01-15T150525.261446.snakemake.log
