Building DAG of jobs...
Using shell: /bin/bash
Provided cores: 1
Rules claiming more threads will be scaled down.
Job counts:
	count	jobs
	1	add_evo_atlas
	1

[Thu Jan 30 16:36:43 2020]
rule add_evo_atlas:
    input: output/GWAS_ATLAS/parsed_gwas/breastcancer_3659_parsed.txt
    output: output/GWAS_ATLAS/evo_added/breastcancer_3659_evo.txt
    jobid: 0
    wildcards: trait=breastcancer_3659

Terminating processes on user request, this might take some time.
[Thu Jan 30 16:37:13 2020]
Error in rule add_evo_atlas:
    jobid: 0
    output: output/GWAS_ATLAS/evo_added/breastcancer_3659_evo.txt

Complete log: /Users/jenniferblanc/infer_mutational_bias/.snakemake/log/2020-01-30T163643.702329.snakemake.log
