Building DAG of jobs...
Using shell: /bin/bash
Provided cores: 1
Rules claiming more threads will be scaled down.
Job counts:
	count	jobs
	1	add_evo_atlas
	1	parse_gwas_atlas
	2

[Thu Jan 23 21:03:53 2020]
rule parse_gwas_atlas:
    input: data/GWAS_ATLAS/AF_4361.txt
    output: output/GWAS_ATLAS/parsed_gwas/AF_4361_parsed.txt
    jobid: 1
    wildcards: trait=AF_4361

[Thu Jan 23 21:07:09 2020]
Finished job 1.
1 of 2 steps (50%) done

[Thu Jan 23 21:07:09 2020]
rule add_evo_atlas:
    input: output/GWAS_ATLAS/parsed_gwas/AF_4361_parsed.txt
    output: output/GWAS_ATLAS/evo_added/AF_4361_evo.txt
    jobid: 0
    wildcards: trait=AF_4361

[Thu Jan 23 21:10:01 2020]
Finished job 0.
2 of 2 steps (100%) done
Complete log: /Users/jenniferblanc/infer_mutational_bias/.snakemake/log/2020-01-23T210353.883396.snakemake.log
