Building DAG of jobs...
Using shell: /bin/bash
Provided cores: 1
Rules claiming more threads will be scaled down.
Job counts:
	count	jobs
	1	add_evo_atlas
	1

[Thu Jan 23 14:45:10 2020]
rule add_evo_atlas:
    input: output/GWAS_ATLAS/parsed_gwas/schizophrenia_3982_parsed.txt
    output: output/GWAS_ATLAS/evo_added/schizophrenia_3982_evo.txt
    jobid: 0
    wildcards: trait=schizophrenia_3982

Waiting at most 5 seconds for missing files.
MissingOutputException in line 35 of /Users/jenniferblanc/infer_mutational_bias/Snakefile:
Missing files after 5 seconds:
output/GWAS_ATLAS/evo_added/schizophrenia_3982_evo.txt
This might be due to filesystem latency. If that is the case, consider to increase the wait time with --latency-wait.
Shutting down, this might take some time.
Exiting because a job execution failed. Look above for error message
Complete log: /Users/jenniferblanc/infer_mutational_bias/.snakemake/log/2020-01-23T144510.655936.snakemake.log
