Building DAG of jobs...
Using shell: /bin/bash
Provided cores: 1
Rules claiming more threads will be scaled down.
Job counts:
	count	jobs
	1	LD_clumping_GWAS_atlas
	1

[Sat Feb 29 14:50:44 2020]
rule LD_clumping_GWAS_atlas:
    input: output/GWAS_ATLAS/parsed_gwas/CKD_4210_parsed.txt
    output: output/GWAS_ATLAS/clumped/CKD_4210.clumped
    jobid: 0
    wildcards: trait=CKD_4210

[Sat Feb 29 14:50:45 2020]
Error in rule LD_clumping_GWAS_atlas:
    jobid: 0
    output: output/GWAS_ATLAS/clumped/CKD_4210.clumped

Shutting down, this might take some time.
Exiting because a job execution failed. Look above for error message
Complete log: /Users/jenniferblanc/infer_mutational_bias/.snakemake/log/2020-02-29T145044.518251.snakemake.log
