Building DAG of jobs...
Using shell: /bin/bash
Provided cores: 1
Rules claiming more threads will be scaled down.
Job counts:
	count	jobs
	1	add_evo_atlas
	1	parse_gwas_atlas
	2

[Tue Feb  4 13:13:09 2020]
rule parse_gwas_atlas:
    input: data/GWAS_ATLAS/AOasthma_4267.txt
    output: output/GWAS_ATLAS/parsed_gwas/AOasthma_4267_parsed.txt
    jobid: 1
    wildcards: trait=AOasthma_4267

[Tue Feb  4 13:13:21 2020]
Finished job 1.
1 of 2 steps (50%) done

[Tue Feb  4 13:13:21 2020]
rule add_evo_atlas:
    input: output/GWAS_ATLAS/parsed_gwas/AOasthma_4267_parsed.txt
    output: output/GWAS_ATLAS/evo_added/AOasthma_4267_evo.txt
    jobid: 0
    wildcards: trait=AOasthma_4267

[Tue Feb  4 13:20:46 2020]
Finished job 0.
2 of 2 steps (100%) done
Complete log: /Users/jenniferblanc/infer_mutational_bias/.snakemake/log/2020-02-04T131309.070607.snakemake.log
