Building DAG of jobs...
Using shell: /bin/bash
Provided cores: 1
Rules claiming more threads will be scaled down.
Job counts:
	count	jobs
	1	add_evo_atlas
	1

[Thu Jan 23 13:57:33 2020]
rule add_evo_atlas:
    input: output/GWAS_ATLAS/parsed_gwas/schizophrenia_3982_parsed.txt
    output: output/GWAS_ATLAS/evo_added/schizophrenia_3982_evo.txt
    jobid: 0
    wildcards: trait=schizophrenia_3982

[Thu Jan 23 13:57:33 2020]
Error in rule add_evo_atlas:
    jobid: 0
    output: output/GWAS_ATLAS/evo_added/schizophrenia_3982_evo.txt

Shutting down, this might take some time.
Exiting because a job execution failed. Look above for error message
Complete log: /Users/jenniferblanc/infer_mutational_bias/.snakemake/log/2020-01-23T135733.640666.snakemake.log
