Building DAG of jobs...
Using shell: /bin/bash
Provided cores: 1
Rules claiming more threads will be scaled down.
Job counts:
	count	jobs
	1	add_evo_atlas
	1	parse_gwas_atlas
	2

[Thu Jan 30 16:10:43 2020]
rule parse_gwas_atlas:
    input: data/GWAS_ATLAS/vitiligo_3832.txt
    output: output/GWAS_ATLAS/parsed_gwas/vitiligo_3832_parsed.txt
    jobid: 1
    wildcards: trait=vitiligo_3832

[Thu Jan 30 16:15:29 2020]
Finished job 1.
1 of 2 steps (50%) done

[Thu Jan 30 16:15:29 2020]
rule add_evo_atlas:
    input: output/GWAS_ATLAS/parsed_gwas/vitiligo_3832_parsed.txt
    output: output/GWAS_ATLAS/evo_added/vitiligo_3832_evo.txt
    jobid: 0
    wildcards: trait=vitiligo_3832

[Thu Jan 30 16:24:56 2020]
Finished job 0.
2 of 2 steps (100%) done
Complete log: /Users/jenniferblanc/infer_mutational_bias/.snakemake/log/2020-01-30T161043.605380.snakemake.log
