Building DAG of jobs...
Using shell: /bin/bash
Provided cores: 1
Rules claiming more threads will be scaled down.
Job counts:
	count	jobs
	1	add_evo_atlas
	1	parse_gwas_atlas
	2

[Wed Feb  5 11:44:09 2020]
rule parse_gwas_atlas:
    input: data/GWAS_ATLAS/EAukbb_3409.txt
    output: output/GWAS_ATLAS/parsed_gwas/EAukbb_3409_parsed.txt
    jobid: 1
    wildcards: trait=EAukbb_3409

[Wed Feb  5 11:44:51 2020]
Error in rule parse_gwas_atlas:
    jobid: 1
    output: output/GWAS_ATLAS/parsed_gwas/EAukbb_3409_parsed.txt

Shutting down, this might take some time.
Exiting because a job execution failed. Look above for error message
Complete log: /Users/jenniferblanc/infer_mutational_bias/.snakemake/log/2020-02-05T114409.152072.snakemake.log
