Building DAG of jobs...
Using shell: /bin/bash
Provided cores: 1
Rules claiming more threads will be scaled down.
Job counts:
	count	jobs
	1	add_evo_atlas
	1	parse_gwas_atlas
	2

[Fri Jan 24 15:02:34 2020]
rule parse_gwas_atlas:
    input: data/GWAS_ATLAS/crohns_2029.txt
    output: output/GWAS_ATLAS/parsed_gwas/crohns_2029_parsed.txt
    jobid: 1
    wildcards: trait=crohns_2029

[Fri Jan 24 15:03:07 2020]
Finished job 1.
1 of 2 steps (50%) done

[Fri Jan 24 15:03:07 2020]
rule add_evo_atlas:
    input: output/GWAS_ATLAS/parsed_gwas/crohns_2029_parsed.txt
    output: output/GWAS_ATLAS/evo_added/crohns_2029_evo.txt
    jobid: 0
    wildcards: trait=crohns_2029

[Fri Jan 24 15:17:42 2020]
Finished job 0.
2 of 2 steps (100%) done
Complete log: /Users/jenniferblanc/infer_mutational_bias/.snakemake/log/2020-01-24T150234.586594.snakemake.log
