Building DAG of jobs...
Using shell: /bin/bash
Provided cores: 1
Rules claiming more threads will be scaled down.
Job counts:
	count	jobs
	1	parse_gwas_atlas
	1

[Wed Feb  5 11:22:54 2020]
rule parse_gwas_atlas:
    input: data/GWAS_ATLAS/myopia_3539.txt
    output: output/GWAS_ATLAS/parsed_gwas/myopia_3539_parsed.txt
    jobid: 0
    wildcards: trait=myopia_3539

Terminating processes on user request, this might take some time.
[Wed Feb  5 11:23:02 2020]
Error in rule parse_gwas_atlas:
    jobid: 0
    output: output/GWAS_ATLAS/parsed_gwas/myopia_3539_parsed.txt

Complete log: /Users/jenniferblanc/infer_mutational_bias/.snakemake/log/2020-02-05T112254.668205.snakemake.log
