Building DAG of jobs...
Using shell: /bin/bash
Provided cores: 1
Rules claiming more threads will be scaled down.
Job counts:
	count	jobs
	1	Extract_clumped_SNPs_GWAS_ATLAS
	1	LD_clumping_GWAS_atlas
	2

[Sun Mar  1 20:38:39 2020]
rule LD_clumping_GWAS_atlas:
    input: output/GWAS_ATLAS/parsed_gwas/COasthma_4266_parsed.txt
    output: output/GWAS_ATLAS/clumped/COasthma_4266.clumped
    jobid: 1
    wildcards: trait=COasthma_4266

[Sun Mar  1 21:09:59 2020]
Finished job 1.
1 of 2 steps (50%) done

[Sun Mar  1 21:09:59 2020]
rule Extract_clumped_SNPs_GWAS_ATLAS:
    input: output/GWAS_ATLAS/clumped/COasthma_4266.clumped
    output: output/GWAS_ATLAS/clumped/COasthma_4266_SNPs.txt
    jobid: 0
    wildcards: trait=COasthma_4266

[Sun Mar  1 21:09:59 2020]
Finished job 0.
2 of 2 steps (100%) done
Complete log: /Users/jenniferblanc/infer_mutational_bias/.snakemake/log/2020-03-01T203839.099417.snakemake.log
