Building DAG of jobs...
Using shell: /bin/bash
Provided cores: 1
Rules claiming more threads will be scaled down.
Job counts:
	count	jobs
	1	add_evo_atlas
	1	parse_gwas_atlas_threshold
	2

[Mon Mar 16 16:48:23 2020]
rule parse_gwas_atlas_threshold:
    input: data/GWAS_ATLAS/T2D_4085.txt, data/GWAS_ATLAS/pval_thresholds/0.95.txt
    output: output/GWAS_ATLAS/parsed_gwas/T2D_4085_0.95_parsed.txt
    jobid: 1
    wildcards: trait=T2D_4085, threshold=0.95

[Mon Mar 16 16:51:26 2020]
Finished job 1.
1 of 2 steps (50%) done

[Mon Mar 16 16:51:26 2020]
rule add_evo_atlas:
    input: output/GWAS_ATLAS/parsed_gwas/T2D_4085_0.95_parsed.txt
    output: output/GWAS_ATLAS/evo_added/T2D_4085_0.95_evo.txt
    jobid: 0
    wildcards: trait=T2D_4085_0.95

[Mon Mar 16 18:06:13 2020]
Error in rule add_evo_atlas:
    jobid: 0
    output: output/GWAS_ATLAS/evo_added/T2D_4085_0.95_evo.txt

Shutting down, this might take some time.
Exiting because a job execution failed. Look above for error message
Complete log: /Users/jenniferblanc/infer_mutational_bias/.snakemake/log/2020-03-16T164823.352425.snakemake.log
