Building DAG of jobs...
Using shell: /bin/bash
Provided cores: 1
Rules claiming more threads will be scaled down.
Job counts:
	count	jobs
	1	Extract_clumped_SNPs_GWAS_ATLAS
	1

[Sat Feb 29 14:55:12 2020]
rule Extract_clumped_SNPs_GWAS_ATLAS:
    input: output/GWAS_ATLAS/clumped/CKD_4210.clumped
    output: output/GWAS_ATLAS/clumped/CKD_4210_SNPs.txt
    jobid: 0
    wildcards: trait=CKD_4210

[Sat Feb 29 14:55:12 2020]
Error in rule Extract_clumped_SNPs_GWAS_ATLAS:
    jobid: 0
    output: output/GWAS_ATLAS/clumped/CKD_4210_SNPs.txt

Shutting down, this might take some time.
Exiting because a job execution failed. Look above for error message
Complete log: /Users/jenniferblanc/infer_mutational_bias/.snakemake/log/2020-02-29T145512.149617.snakemake.log
