Building DAG of jobs...
Using shell: /bin/bash
Provided cores: 1
Rules claiming more threads will be scaled down.
Job counts:
	count	jobs
	1	LD_pruning_GWAS_atlas
	1

[Fri Mar 20 16:49:06 2020]
rule LD_pruning_GWAS_atlas:
    input: output/GWAS_ATLAS/parsed_gwas/T2D_4085_0.95_parsed.txt
    output: output/GWAS_ATLAS/pruned/T2D_4085_0.95.prune.in
    jobid: 0
    wildcards: trait=T2D_4085, threshold=0.95

Waiting at most 5 seconds for missing files.
MissingOutputException in line 101 of /Users/jenniferblanc/infer_mutational_bias/Snakefile:
Missing files after 5 seconds:
output/GWAS_ATLAS/pruned/T2D_4085_0.95.prune.in
This might be due to filesystem latency. If that is the case, consider to increase the wait time with --latency-wait.
Shutting down, this might take some time.
Exiting because a job execution failed. Look above for error message
Complete log: /Users/jenniferblanc/infer_mutational_bias/.snakemake/log/2020-03-20T164906.688252.snakemake.log
