Building DAG of jobs...
Using shell: /bin/bash
Provided cores: 1
Rules claiming more threads will be scaled down.
Job counts:
	count	jobs
	1	add_evo_atlas
	1	parse_gwas_atlas
	2

[Sun Jan 26 20:49:58 2020]
rule parse_gwas_atlas:
    input: data/GWAS_ATLAS/PBC_3822.txt
    output: output/GWAS_ATLAS/parsed_gwas/PBC_3822_parsed.txt
    jobid: 1
    wildcards: trait=PBC_3822

[Sun Jan 26 20:50:01 2020]
Finished job 1.
1 of 2 steps (50%) done

[Sun Jan 26 20:50:01 2020]
rule add_evo_atlas:
    input: output/GWAS_ATLAS/parsed_gwas/PBC_3822_parsed.txt
    output: output/GWAS_ATLAS/evo_added/PBC_3822_evo.txt
    jobid: 0
    wildcards: trait=PBC_3822

[Sun Jan 26 21:23:27 2020]
Finished job 0.
2 of 2 steps (100%) done
Complete log: /Users/jenniferblanc/infer_mutational_bias/.snakemake/log/2020-01-26T204958.541108.snakemake.log
