Building DAG of jobs...
Using shell: /bin/bash
Provided cores: 1
Rules claiming more threads will be scaled down.
Job counts:
	count	jobs
	1	add_evo_atlas
	1	parse_gwas_atlas
	2

[Thu Jan 23 22:07:54 2020]
rule parse_gwas_atlas:
    input: data/GWAS_ATLAS/T2D_4085.txt
    output: output/GWAS_ATLAS/parsed_gwas/T2D_4085_parsed.txt
    jobid: 1
    wildcards: trait=T2D_4085

Terminating processes on user request, this might take some time.
[Thu Jan 23 22:09:35 2020]
Error in rule parse_gwas_atlas:
    jobid: 1
    output: output/GWAS_ATLAS/parsed_gwas/T2D_4085_parsed.txt

Complete log: /Users/jenniferblanc/infer_mutational_bias/.snakemake/log/2020-01-23T220754.555791.snakemake.log
