Building DAG of jobs...
Using shell: /bin/bash
Provided cores: 1
Rules claiming more threads will be scaled down.
Job counts:
	count	jobs
	1	add_evo_atlas
	1	parse_gwas_atlas
	2

[Fri Jan 31 15:42:59 2020]
rule parse_gwas_atlas:
    input: data/GWAS_ATLAS/IBD_2031.txt
    output: output/GWAS_ATLAS/parsed_gwas/IBD_2031_parsed.txt
    jobid: 1
    wildcards: trait=IBD_2031

[Fri Jan 31 15:43:26 2020]
Finished job 1.
1 of 2 steps (50%) done

[Fri Jan 31 15:43:26 2020]
rule add_evo_atlas:
    input: output/GWAS_ATLAS/parsed_gwas/IBD_2031_parsed.txt
    output: output/GWAS_ATLAS/evo_added/IBD_2031_evo.txt
    jobid: 0
    wildcards: trait=IBD_2031

[Fri Jan 31 16:05:41 2020]
Finished job 0.
2 of 2 steps (100%) done
Complete log: /Users/jenniferblanc/infer_mutational_bias/.snakemake/log/2020-01-31T154259.739904.snakemake.log
