Building DAG of jobs...
Using shell: /bin/bash
Provided cores: 1
Rules claiming more threads will be scaled down.
Job counts:
	count	jobs
	1	parse_gwas_atlas
	1

[Mon Jan 20 14:02:19 2020]
rule parse_gwas_atlas:
    input: data/GWAS_ATLAS/CAD_3925.txt
    output: output/GWAS_ATLAS/parsed_gwas/CAD_3925_parsed.txt
    jobid: 0
    wildcards: trait=CAD_3925

Terminating processes on user request, this might take some time.
[Mon Jan 20 14:02:36 2020]
Error in rule parse_gwas_atlas:
    jobid: 0
    output: output/GWAS_ATLAS/parsed_gwas/CAD_3925_parsed.txt

Complete log: /Users/jenniferblanc/infer_mutational_bias/.snakemake/log/2020-01-20T140219.933755.snakemake.log
