Building DAG of jobs...
Using shell: /bin/bash
Provided cores: 1
Rules claiming more threads will be scaled down.
Job counts:
	count	jobs
	1	add_evo_atlas
	1	parse_gwas_atlas
	2

[Thu Feb  6 17:11:38 2020]
rule parse_gwas_atlas:
    input: data/GWAS_ATLAS/BMI_4074.txt
    output: output/GWAS_ATLAS/parsed_gwas/BMI_4074_parsed.txt
    jobid: 1
    wildcards: trait=BMI_4074

[Thu Feb  6 17:13:23 2020]
Finished job 1.
1 of 2 steps (50%) done

[Thu Feb  6 17:13:23 2020]
rule add_evo_atlas:
    input: output/GWAS_ATLAS/parsed_gwas/BMI_4074_parsed.txt
    output: output/GWAS_ATLAS/evo_added/BMI_4074_evo.txt
    jobid: 0
    wildcards: trait=BMI_4074

Terminating processes on user request, this might take some time.
[Thu Feb  6 17:21:59 2020]
Error in rule add_evo_atlas:
    jobid: 0
    output: output/GWAS_ATLAS/evo_added/BMI_4074_evo.txt

Removing output files of failed job add_evo_atlas since they might be corrupted:
output/GWAS_ATLAS/evo_added/BMI_4074_evo.txt
Complete log: /Users/jenniferblanc/infer_mutational_bias/.snakemake/log/2020-02-06T171138.722326.snakemake.log
